13:38:28.220 [info] Child {LoggerFileBackend, :general_log} of Supervisor Logger.Backends.Supervisor started
Pid: #PID<0.119.0>
Start Call: Logger.Backends.Watcher.start_link({{LoggerFileBackend, :general_log}, {LoggerFileBackend, :general_log}})
Restart: :transient
Shutdown: 5000
Type: :worker
13:38:28.220 [info] Child Logger.Backends.Supervisor of Supervisor Logger.Backends.Internal started
Pid: #PID<0.118.0>
Start Call: Logger.Backends.Supervisor.start_link([{LoggerFileBackend, :general_log}])
Restart: :permanent
Shutdown: :infinity
Type: :supervisor
13:38:28.220 [info] Child Logger.Backends.Internal of Supervisor Logger.Supervisor started
Pid: #PID<0.114.0>
Start Call: Logger.Backends.Internal.start_link([])
Restart: :permanent
Shutdown: :infinity
Type: :supervisor
13:38:28.220 [info] Application logger started at :nonode@nohost
13:38:28.749 [error] FATAL: Lexical is not compatible with Elixir 1.18.0

Lexical is compatible with the following versions of Elixir:

  >= 1.13.0
  >= 1.14.0
  >= 1.15.3
  >= 1.16.0
  >= 1.17.0
  >= 1.17.0-rc
  >= 1.18.1

13:38:29.177 [info] Child {LoggerFileBackend, :general_log} of Supervisor Logger.Backends.Supervisor started
Pid: #PID<0.119.0>
Start Call: Logger.Backends.Watcher.start_link({{LoggerFileBackend, :general_log}, {LoggerFileBackend, :general_log}})
Restart: :transient
Shutdown: 5000
Type: :worker
13:38:29.177 [info] Child Logger.Backends.Supervisor of Supervisor Logger.Backends.Internal started
Pid: #PID<0.118.0>
Start Call: Logger.Backends.Supervisor.start_link([{LoggerFileBackend, :general_log}])
Restart: :permanent
Shutdown: :infinity
Type: :supervisor
13:38:29.177 [info] Child Logger.Backends.Internal of Supervisor Logger.Supervisor started
Pid: #PID<0.114.0>
Start Call: Logger.Backends.Internal.start_link([])
Restart: :permanent
Shutdown: :infinity
Type: :supervisor
13:38:29.177 [info] Application logger started at :nonode@nohost
13:38:29.719 [error] FATAL: Lexical is not compatible with Elixir 1.18.0

Lexical is compatible with the following versions of Elixir:

  >= 1.13.0
  >= 1.14.0
  >= 1.15.3
  >= 1.16.0
  >= 1.17.0
  >= 1.17.0-rc
  >= 1.18.1

13:38:30.139 [info] Child {LoggerFileBackend, :general_log} of Supervisor Logger.Backends.Supervisor started
Pid: #PID<0.119.0>
Start Call: Logger.Backends.Watcher.start_link({{LoggerFileBackend, :general_log}, {LoggerFileBackend, :general_log}})
Restart: :transient
Shutdown: 5000
Type: :worker
13:38:30.139 [info] Child Logger.Backends.Supervisor of Supervisor Logger.Backends.Internal started
Pid: #PID<0.118.0>
Start Call: Logger.Backends.Supervisor.start_link([{LoggerFileBackend, :general_log}])
Restart: :permanent
Shutdown: :infinity
Type: :supervisor
13:38:30.139 [info] Child Logger.Backends.Internal of Supervisor Logger.Supervisor started
Pid: #PID<0.114.0>
Start Call: Logger.Backends.Internal.start_link([])
Restart: :permanent
Shutdown: :infinity
Type: :supervisor
13:38:30.139 [info] Application logger started at :nonode@nohost
13:38:30.653 [error] FATAL: Lexical is not compatible with Elixir 1.18.0

Lexical is compatible with the following versions of Elixir:

  >= 1.13.0
  >= 1.14.0
  >= 1.15.3
  >= 1.16.0
  >= 1.17.0
  >= 1.17.0-rc
  >= 1.18.1

13:38:31.075 [info] Child {LoggerFileBackend, :general_log} of Supervisor Logger.Backends.Supervisor started
Pid: #PID<0.119.0>
Start Call: Logger.Backends.Watcher.start_link({{LoggerFileBackend, :general_log}, {LoggerFileBackend, :general_log}})
Restart: :transient
Shutdown: 5000
Type: :worker
13:38:31.075 [info] Child Logger.Backends.Supervisor of Supervisor Logger.Backends.Internal started
Pid: #PID<0.118.0>
Start Call: Logger.Backends.Supervisor.start_link([{LoggerFileBackend, :general_log}])
Restart: :permanent
Shutdown: :infinity
Type: :supervisor
13:38:31.075 [info] Child Logger.Backends.Internal of Supervisor Logger.Supervisor started
Pid: #PID<0.114.0>
Start Call: Logger.Backends.Internal.start_link([])
Restart: :permanent
Shutdown: :infinity
Type: :supervisor
13:38:31.075 [info] Application logger started at :nonode@nohost
13:38:31.611 [error] FATAL: Lexical is not compatible with Elixir 1.18.0

Lexical is compatible with the following versions of Elixir:

  >= 1.13.0
  >= 1.14.0
  >= 1.15.3
  >= 1.16.0
  >= 1.17.0
  >= 1.17.0-rc
  >= 1.18.1

13:38:32.035 [info] Child {LoggerFileBackend, :general_log} of Supervisor Logger.Backends.Supervisor started
Pid: #PID<0.119.0>
Start Call: Logger.Backends.Watcher.start_link({{LoggerFileBackend, :general_log}, {LoggerFileBackend, :general_log}})
Restart: :transient
Shutdown: 5000
Type: :worker
13:38:32.035 [info] Child Logger.Backends.Supervisor of Supervisor Logger.Backends.Internal started
Pid: #PID<0.118.0>
Start Call: Logger.Backends.Supervisor.start_link([{LoggerFileBackend, :general_log}])
Restart: :permanent
Shutdown: :infinity
Type: :supervisor
13:38:32.035 [info] Child Logger.Backends.Internal of Supervisor Logger.Supervisor started
Pid: #PID<0.114.0>
Start Call: Logger.Backends.Internal.start_link([])
Restart: :permanent
Shutdown: :infinity
Type: :supervisor
13:38:32.035 [info] Application logger started at :nonode@nohost
13:38:32.567 [error] FATAL: Lexical is not compatible with Elixir 1.18.0

Lexical is compatible with the following versions of Elixir:

  >= 1.13.0
  >= 1.14.0
  >= 1.15.3
  >= 1.16.0
  >= 1.17.0
  >= 1.17.0-rc
  >= 1.18.1

